<?xml version="1.0" encoding="UTF-8"?>
<!-- Generated by org.testng.reporters.JUnitXMLReporter -->
<testsuite ignored="0" hostname="ASHAJYOTHI" failures="0" tests="4" name="Default test" time="25.688" errors="0" timestamp="2026-02-20T20:42:14 IST">
  <testcase classname="demoproject.addcustomer" name="addcustomer" time="6.678"/>
  <testcase classname="demoproject.addtariffinplan" name="addtariffinplan" time="5.962"/>
  <testcase classname="demoproject.tarifftocustomer" name="tarifftocustomer" time="3.803"/>
  <testcase classname="demoproject.paybilling" name="paybilling" time="3.334"/>
</testsuite> <!-- Default test -->
