<?xml version="1.0" encoding="UTF-8"?>
<testng-results ignored="0" total="4" passed="4" failed="0" skipped="0">
  <reporter-output>
  </reporter-output>
  <suite started-at="2026-02-20T20:41:48 IST" name="Default suite" finished-at="2026-02-20T20:42:14 IST" duration-ms="25688">
    <groups>
    </groups>
    <test started-at="2026-02-20T20:41:48 IST" name="Default test" finished-at="2026-02-20T20:42:14 IST" duration-ms="25688">
      <class name="demoproject.paybilling">
        <test-method is-config="true" signature="setup()[pri:0, instance:demoproject.paybilling@279fedbd]" started-at="2026-02-20T20:41:48 IST" name="setup" finished-at="2026-02-20T20:41:54 IST" duration-ms="5557" status="PASS">
          <reporter-output>
          </reporter-output>
        </test-method> <!-- setup -->
        <test-method signature="addcustomer()[pri:1, instance:demoproject.paybilling@279fedbd]" started-at="2026-02-20T20:41:54 IST" name="addcustomer" finished-at="2026-02-20T20:42:01 IST" duration-ms="6678" status="PASS">
          <reporter-output>
          </reporter-output>
        </test-method> <!-- addcustomer -->
        <test-method signature="addtariffinplan()[pri:2, instance:demoproject.paybilling@279fedbd]" started-at="2026-02-20T20:42:01 IST" name="addtariffinplan" finished-at="2026-02-20T20:42:07 IST" duration-ms="5962" status="PASS">
          <reporter-output>
          </reporter-output>
        </test-method> <!-- addtariffinplan -->
        <test-method signature="tarifftocustomer()[pri:3, instance:demoproject.paybilling@279fedbd]" started-at="2026-02-20T20:42:07 IST" name="tarifftocustomer" finished-at="2026-02-20T20:42:10 IST" duration-ms="3803" status="PASS">
          <reporter-output>
          </reporter-output>
        </test-method> <!-- tarifftocustomer -->
        <test-method signature="paybilling()[pri:4, instance:demoproject.paybilling@279fedbd]" started-at="2026-02-20T20:42:10 IST" name="paybilling" finished-at="2026-02-20T20:42:14 IST" duration-ms="3334" status="PASS">
          <reporter-output>
          </reporter-output>
        </test-method> <!-- paybilling -->
        <test-method is-config="true" signature="closeBrowser()[pri:0, instance:demoproject.paybilling@279fedbd]" started-at="2026-02-20T20:42:14 IST" name="closeBrowser" finished-at="2026-02-20T20:42:14 IST" duration-ms="263" status="PASS">
          <reporter-output>
          </reporter-output>
        </test-method> <!-- closeBrowser -->
      </class> <!-- demoproject.paybilling -->
    </test> <!-- Default test -->
  </suite> <!-- Default suite -->
</testng-results>
