<?xml version="1.0" encoding="UTF-8"?>
<!-- Generated by org.testng.reporters.JUnitReportReporter -->
<testsuite hostname="ASHAJYOTHI" failures="0" tests="4" name="demoproject.paybilling" time="19.777" errors="0" timestamp="2026-02-20T20:42:14 IST" skipped="0">
  <testcase classname="demoproject.paybilling" name="addcustomer" time="6.678"/>
  <testcase classname="demoproject.paybilling" name="addtariffinplan" time="5.962"/>
  <testcase classname="demoproject.paybilling" name="tarifftocustomer" time="3.803"/>
  <testcase classname="demoproject.paybilling" name="paybilling" time="3.334"/>
</testsuite> <!-- demoproject.paybilling -->
